{"C:\\source_code\\reactjs\\admin\\src\\App.tsx": {"path":"C:\\source_code\\reactjs\\admin\\src\\App.tsx","statementMap":{"0":{"start":{"line":1,"column":0},"end":{"line":1,"column":84}},"1":{"start":{"line":2,"column":0},"end":{"line":2,"column":49}},"2":{"start":{"line":3,"column":0},"end":{"line":3,"column":34}},"3":{"start":{"line":4,"column":0},"end":{"line":4,"column":42}},"4":{"start":{"line":6,"column":12},"end":{"line":37,"column":1}},"5":{"start":{"line":7,"column":38},"end":{"line":7,"column":62}},"6":{"start":{"line":7,"column":19},"end":{"line":7,"column":21}},"7":{"start":{"line":7,"column":34},"end":{"line":7,"column":38}},"8":{"start":{"line":10,"column":2},"end":{"line":13,"column":9}},"9":{"start":{"line":11,"column":21},"end":{"line":11,"column":66}},"10":{"start":{"line":12,"column":4},"end":{"line":12,"column":28}},"11":{"start":{"line":15,"column":2},"end":{"line":36,"column":4}},"12":{"start":{"line":39,"column":0},"end":{"line":39,"column":19}}},"fnMap":{"0":{"name":"(anonymous_1)","decl":{"start":{"line":6,"column":12},"end":{"line":6,"column":null}},"loc":{"start":{"line":6,"column":12},"end":{"line":37,"column":1}}},"1":{"name":"(anonymous_2)","decl":{"start":{"line":10,"column":12},"end":{"line":10,"column":null}},"loc":{"start":{"line":10,"column":12},"end":{"line":13,"column":3}}}},"branchMap":{"0":{"loc":{"start":{"line":21,"column":12},"end":{"line":24,"column":null}},"type":"cond-expr","locations":[{"start":{"line":22,"column":14},"end":{"line":22,"column":42}},{"start":{"line":24,"column":14},"end":{"line":24,"column":53}}]},"1":{"loc":{"start":{"line":31,"column":12},"end":{"line":31,"column":90}},"type":"cond-expr","locations":[{"start":{"line":31,"column":25},"end":{"line":31,"column":68}},{"start":{"line":31,"column":71},"end":{"line":31,"column":90}}]}},"s":{"0":1,"1":1,"2":1,"3":1,"4":1,"5":7,"6":6,"7":6,"8":6,"9":0,"10":0,"11":6,"12":1},"f":{"0":7,"1":0},"b":{"0":[0,6],"1":[0,6]}}
,"C:\\source_code\\reactjs\\admin\\src\\main.tsx": {"path":"C:\\source_code\\reactjs\\admin\\src\\main.tsx","statementMap":{"0":{"start":{"line":1,"column":0},"end":{"line":1,"column":35}},"1":{"start":{"line":2,"column":0},"end":{"line":2,"column":46}},"2":{"start":{"line":3,"column":0},"end":{"line":3,"column":21}},"3":{"start":{"line":4,"column":0},"end":{"line":4,"column":24}},"4":{"start":{"line":6,"column":20},"end":{"line":6,"column":51}},"5":{"start":{"line":8,"column":0},"end":{"line":16,"column":1}},"6":{"start":{"line":9,"column":2},"end":{"line":13,"column":4}},"7":{"start":{"line":15,"column":2},"end":{"line":15,"column":42}}},"fnMap":{},"branchMap":{"0":{"loc":{"start":{"line":8,"column":0},"end":{"line":16,"column":1}},"type":"if","locations":[{"start":{"line":8,"column":0},"end":{"line":16,"column":1}},{"start":{"line":14,"column":7},"end":{"line":16,"column":1}}]}},"s":{"0":0,"1":0,"2":0,"3":0,"4":0,"5":0,"6":0,"7":0},"f":{},"b":{"0":[0,0]}}
,"C:\\source_code\\reactjs\\admin\\src\\pages\\Dashboard.tsx": {"path":"C:\\source_code\\reactjs\\admin\\src\\pages\\Dashboard.tsx","statementMap":{"0":{"start":{"line":2,"column":0},"end":{"line":2,"column":47}},"1":{"start":{"line":8,"column":18},"end":{"line":24,"column":1}},"2":{"start":{"line":8,"column":34},"end":{"line":8,"column":52}},"3":{"start":{"line":9,"column":19},"end":{"line":9,"column":32}},"4":{"start":{"line":11,"column":23},"end":{"line":15,"column":3}},"5":{"start":{"line":12,"column":4},"end":{"line":12,"column":42}},"6":{"start":{"line":13,"column":4},"end":{"line":13,"column":25}},"7":{"start":{"line":14,"column":4},"end":{"line":14,"column":18}},"8":{"start":{"line":17,"column":2},"end":{"line":23,"column":4}},"9":{"start":{"line":26,"column":0},"end":{"line":26,"column":25}}},"fnMap":{"0":{"name":"(anonymous_0)","decl":{"start":{"line":8,"column":18},"end":{"line":8,"column":19}},"loc":{"start":{"line":8,"column":52},"end":{"line":24,"column":1}}},"1":{"name":"(anonymous_1)","decl":{"start":{"line":11,"column":23},"end":{"line":11,"column":null}},"loc":{"start":{"line":11,"column":23},"end":{"line":15,"column":3}}}},"branchMap":{},"s":{"0":2,"1":2,"2":3,"3":3,"4":3,"5":1,"6":1,"7":1,"8":3,"9":2},"f":{"0":3,"1":1},"b":{}}
,"C:\\source_code\\reactjs\\admin\\src\\pages\\Login.tsx": {"path":"C:\\source_code\\reactjs\\admin\\src\\pages\\Login.tsx","statementMap":{"0":{"start":{"line":1,"column":0},"end":{"line":1,"column":38}},"1":{"start":{"line":2,"column":0},"end":{"line":2,"column":47}},"2":{"start":{"line":8,"column":14},"end":{"line":52,"column":1}},"3":{"start":{"line":8,"column":30},"end":{"line":8,"column":44}},"4":{"start":{"line":9,"column":34},"end":{"line":9,"column":54}},"5":{"start":{"line":9,"column":17},"end":{"line":9,"column":19}},"6":{"start":{"line":9,"column":30},"end":{"line":9,"column":34}},"7":{"start":{"line":10,"column":34},"end":{"line":10,"column":54}},"8":{"start":{"line":10,"column":17},"end":{"line":10,"column":19}},"9":{"start":{"line":10,"column":30},"end":{"line":10,"column":34}},"10":{"start":{"line":11,"column":19},"end":{"line":11,"column":32}},"11":{"start":{"line":13,"column":22},"end":{"line":24,"column":3}},"12":{"start":{"line":14,"column":4},"end":{"line":14,"column":23}},"13":{"start":{"line":17,"column":4},"end":{"line":23,"column":5}},"14":{"start":{"line":18,"column":6},"end":{"line":18,"column":49}},"15":{"start":{"line":19,"column":6},"end":{"line":19,"column":26}},"16":{"start":{"line":20,"column":6},"end":{"line":20,"column":29}},"17":{"start":{"line":22,"column":6},"end":{"line":22,"column":45}},"18":{"start":{"line":26,"column":2},"end":{"line":51,"column":4}},"19":{"start":{"line":35,"column":29},"end":{"line":35,"column":null}},"20":{"start":{"line":44,"column":29},"end":{"line":44,"column":null}},"21":{"start":{"line":54,"column":0},"end":{"line":54,"column":21}}},"fnMap":{"0":{"name":"(anonymous_0)","decl":{"start":{"line":8,"column":14},"end":{"line":8,"column":15}},"loc":{"start":{"line":8,"column":44},"end":{"line":52,"column":1}}},"1":{"name":"(anonymous_1)","decl":{"start":{"line":13,"column":22},"end":{"line":13,"column":23}},"loc":{"start":{"line":13,"column":41},"end":{"line":24,"column":3}}},"2":{"name":"(anonymous_2)","decl":{"start":{"line":35,"column":22},"end":{"line":35,"column":23}},"loc":{"start":{"line":35,"column":24},"end":{"line":35,"column":40}}},"3":{"name":"(anonymous_3)","decl":{"start":{"line":44,"column":22},"end":{"line":44,"column":23}},"loc":{"start":{"line":44,"column":24},"end":{"line":44,"column":40}}}},"branchMap":{"0":{"loc":{"start":{"line":17,"column":4},"end":{"line":23,"column":5}},"type":"if","locations":[{"start":{"line":17,"column":4},"end":{"line":23,"column":5}},{"start":{"line":21,"column":11},"end":{"line":23,"column":5}}]},"1":{"loc":{"start":{"line":17,"column":8},"end":{"line":17,"column":55}},"type":"binary-expr","locations":[{"start":{"line":17,"column":8},"end":{"line":17,"column":28}},{"start":{"line":17,"column":32},"end":{"line":17,"column":55}}]}},"s":{"0":2,"1":2,"2":2,"3":8,"4":8,"5":8,"6":8,"7":8,"8":8,"9":8,"10":8,"11":8,"12":2,"13":2,"14":1,"15":1,"16":1,"17":1,"18":8,"19":2,"20":2,"21":2},"f":{"0":8,"1":2,"2":2,"3":2},"b":{"0":[1,1],"1":[2,1]}}
}
