TN:
SF:src\App.tsx
FN:6,(anonymous_1)
FN:10,(anonymous_2)
FNF:2
FNH:1
FNDA:7,(anonymous_1)
FNDA:0,(anonymous_2)
DA:1,1
DA:2,1
DA:3,1
DA:4,1
DA:6,1
DA:7,7
DA:10,6
DA:11,0
DA:12,0
DA:15,6
DA:39,1
LF:11
LH:9
BRDA:21,0,0,0
BRDA:21,0,1,6
BRDA:31,1,0,0
BRDA:31,1,1,6
BRF:4
BRH:2
end_of_record
TN:
SF:src\main.tsx
FNF:0
FNH:0
DA:1,0
DA:2,0
DA:3,0
DA:4,0
DA:6,0
DA:8,0
DA:9,0
DA:15,0
LF:8
LH:0
BRDA:8,0,0,0
BRDA:8,0,1,0
BRF:2
BRH:0
end_of_record
TN:
SF:src\pages\Dashboard.tsx
FN:8,(anonymous_0)
FN:11,(anonymous_1)
FNF:2
FNH:2
FNDA:3,(anonymous_0)
FNDA:1,(anonymous_1)
DA:2,2
DA:8,3
DA:9,3
DA:11,3
DA:12,1
DA:13,1
DA:14,1
DA:17,3
DA:26,2
LF:9
LH:9
BRF:0
BRH:0
end_of_record
TN:
SF:src\pages\Login.tsx
FN:8,(anonymous_0)
FN:13,(anonymous_1)
FN:35,(anonymous_2)
FN:44,(anonymous_3)
FNF:4
FNH:4
FNDA:8,(anonymous_0)
FNDA:2,(anonymous_1)
FNDA:2,(anonymous_2)
FNDA:2,(anonymous_3)
DA:1,2
DA:2,2
DA:8,8
DA:9,8
DA:10,8
DA:11,8
DA:13,8
DA:14,2
DA:17,2
DA:18,1
DA:19,1
DA:20,1
DA:22,1
DA:26,8
DA:35,2
DA:44,2
DA:54,2
LF:17
LH:17
BRDA:17,0,0,1
BRDA:17,0,1,1
BRDA:17,1,0,2
BRDA:17,1,1,1
BRF:4
BRH:4
end_of_record
